2022/03/21 19:10:28 SELECT COUNT(*)  FROM messages  WHERE receiver_id="1" AND status="0"
2022/03/21 19:11:55 SELECT COUNT(*)  FROM messages  WHERE receiver_id="1" AND status="0"
2022/03/21 19:11:59 SELECT COUNT(*)  FROM messages  WHERE receiver_id="1" AND status="0"
2022/03/21 19:12:16 SELECT COUNT(*)  FROM messages  WHERE receiver_id="1" AND status="0"
2022/03/21 19:12:28 SELECT COUNT(*)  FROM messages  WHERE receiver_id="1" AND status="0"
2022/03/21 19:12:28 SELECT *  FROM ads  WHERE slug="land-rover-defender"
2022/03/21 19:12:35 SELECT COUNT(*)  FROM messages  WHERE receiver_id="1" AND status="0"
2022/03/21 19:12:35 SELECT *  FROM ads  WHERE slug="land-rover-defender"
2022/03/21 19:12:52 SELECT COUNT(*)  FROM messages  WHERE receiver_id="1" AND status="0"
2022/03/21 19:12:52 SELECT *  FROM ads  WHERE slug="land-rover-defender"
2022/03/21 19:12:53 SELECT COUNT(*)  FROM messages  WHERE receiver_id="1" AND status="0"
2022/03/21 19:12:53 SELECT *  FROM ads  WHERE slug="land-rover-defender"
2022/03/21 19:12:58 SELECT COUNT(*)  FROM messages  WHERE receiver_id="1" AND status="0"
2022/03/21 19:12:58 SELECT *  FROM ads  WHERE slug="land-rover-defender"
2022/03/21 19:13:53 SELECT COUNT(*)  FROM messages  WHERE receiver_id="1" AND status="0"
2022/03/21 19:13:53 SELECT *  FROM ads  WHERE slug="land-rover-defender"
2022/03/21 19:13:53 INSERT INTO ads (title,description,manufacturer_id,model_id,price,year,type_id,user_id,image,active,slug,vin_code,date,visitor)
             VALUES ("Land Rover Defender","The car is technically in good running condition and immediately useable, but needs body","1","1","13499","2000","1","1","https://autoplius-img.dgn.lt/ann_25_216831720/land-rover-defender-2-5-l-visureigis-2000-dyzelinas-0.jpg","1","land-rover-defender","123","22/03/21","0")
2022/03/21 19:13:53 SELECT *  FROM ads  WHERE slug="volvo-s40,-1.6-l.,-sedanas"
2022/03/21 19:13:53 INSERT INTO ads (title,description,manufacturer_id,model_id,price,year,type_id,user_id,image,active,slug,vin_code,date,visitor)
             VALUES ("Volvo S40, 1.6 l., sedanas","Ekonomiškas ir patvarus 1,6l dyzelis. M+S padangos. 2 rakteliai. Kėbulo visi pabraižymai matomi paskutinėse nuotraukose. Keitimai nedomina.","1","1","2400","2005","1","1","https://autoplius-img.dgn.lt/ann_25_216847636/volvo-s40-1-6-l-sedanas-2005-dyzelinas-0.jpg","1","volvo-s40,-1.6-l.,-sedanas","123","22/03/21","0")
2022/03/21 19:13:53 SELECT *  FROM ads  WHERE slug="volvo-s40,-2.4-l.,-sedanas"
2022/03/21 19:13:53 INSERT INTO ads (title,description,manufacturer_id,model_id,price,year,type_id,user_id,image,active,slug,vin_code,date,visitor)
             VALUES ("Volvo S40, 2.4 l., sedanas","Iš Vokietijos,originali dujų įranga,vebasta.Puikiai dirba tiek dujomis tiek benzinu","1","1","2900","2008","1","1","https://autoplius-img.dgn.lt/ann_3_207599770/volvo-s40-2-4-l-sedanas-2008-benzinas-dujos-1.jpg","1","volvo-s40,-2.4-l.,-sedanas","123","22/03/21","0")
2022/03/21 19:13:53 SELECT *  FROM ads  WHERE slug="volkswagen-golf,-2.0-l.,-hečbekas"
2022/03/21 19:13:53 INSERT INTO ads (title,description,manufacturer_id,model_id,price,year,type_id,user_id,image,active,slug,vin_code,date,visitor)
             VALUES ("Volkswagen Golf, 2.0 l., hečbekas","Automobilis geros bukles.tikra rida servizo istorija","1","1","3750","2005","1","1","https://autoplius-img.dgn.lt/ann_3_216724586/volkswagen-golf-2-0-l-hecbekas-2005-dyzelinas-1.jpg","1","volkswagen-golf,-2.0-l.,-hečbekas","123","22/03/21","0")
2022/03/21 19:13:53 SELECT *  FROM ads  WHERE slug="jaguar-f-pace,-3.0-l.,-visureigis"
2022/03/21 19:13:53 INSERT INTO ads (title,description,manufacturer_id,model_id,price,year,type_id,user_id,image,active,slug,vin_code,date,visitor)
             VALUES ("Jaguar F-Pace, 3.0 l., visureigis","Plungė, Lietuva","1","1","35000","2018","1","1","https://autoplius-img.dgn.lt/ann_25_177254369/jaguar-f-pace-3-0-l-visureigis-2018-benzinas-0.jpg","1","jaguar-f-pace,-3.0-l.,-visureigis","123","22/03/21","0")
2022/03/21 19:13:53 SELECT *  FROM ads  WHERE slug="jaguar-f-pace,-3.0-l.,-visureigis"
2022/03/21 19:13:53 SELECT *  FROM ads  WHERE slug="jaguar-f-pace,-3.0-l.,-visureigis21"
2022/03/21 19:13:53 INSERT INTO ads (title,description,manufacturer_id,model_id,price,year,type_id,user_id,image,active,slug,vin_code,date,visitor)
             VALUES ("Jaguar F-Pace, 3.0 l., visureigis","TEXNISKAI TVARKINGAS AUTOMOBILIS. SPALVA BURGUNDI METALIK. .NAUJOS MS PADANGOS.","1","1","25500","2017","1","1","https://autoplius-img.dgn.lt/ann_25_197161087/jaguar-f-pace-3-0-l-visureigis-2017-benzinas-0.jpg","1","jaguar-f-pace,-3.0-l.,-visureigis21","123","22/03/21","0")
2022/03/21 19:13:53 SELECT *  FROM ads  WHERE slug="peugeot-partner-benzinas-2011-m-vienatūris"
2022/03/21 19:13:53 INSERT INTO ads (title,description,manufacturer_id,model_id,price,year,type_id,user_id,image,active,slug,vin_code,date,visitor)
             VALUES ("Peugeot Partner Benzinas 2011 m Vienatūris","Закажите автомобиль не выходя из дома! Доставка в любую точку Литвы или Латвии стоит 100 EUR и занимет 2-4 рабочих дня.","1","1","3999","2011","1","1","https://img.autogidas.lt/4_15_213084382/peugeot-partner-vienaturis-2011.jpg","1","peugeot-partner-benzinas-2011-m-vienatūris","123","22/03/21","0")
2022/03/21 19:13:53 SELECT *  FROM ads  WHERE slug="dalintis-peugeot-206-benzinas-2003-m-hečbekas"
2022/03/21 19:13:53 INSERT INTO ads (title,description,manufacturer_id,model_id,price,year,type_id,user_id,image,active,slug,vin_code,date,visitor)
             VALUES ("Dalintis Peugeot 206 Benzinas 2003 m Hečbekas","Order a car without leaving your home! The delivery to any point in Lithuania or Latvia costs 100 EUR and takes 2 to 4 business days.","1","1","799","2003","1","1","https://img.autogidas.lt/4_15_211984885/peugeot-206-hecbekas-2003.jpg","1","dalintis-peugeot-206-benzinas-2003-m-hečbekas","123","22/03/21","0")
2022/03/21 19:13:54 SELECT *  FROM ads  WHERE slug="bmw-x3-e83-sport-paket-dyzelinas-2007-m"
2022/03/21 19:13:54 INSERT INTO ads (title,description,manufacturer_id,model_id,price,year,type_id,user_id,image,active,slug,vin_code,date,visitor)
             VALUES ("Bmw X3 E83 sport paket Dyzelinas 2007 m","Navigacija Atstumo jutikliai  Panoraminis stogas Xenon Žibintai Autopilotas Šildomos sėdynės Elektra valdomos sėdynės su atmintimi / Memory","1","1","6400","2007","1","1","https://img.autogidas.lt/4_15_212505589/bmw-x3-e83-sport-paket-visureigis-2007.jpg","1","bmw-x3-e83-sport-paket-dyzelinas-2007-m","123","22/03/21","0")
2022/03/21 19:13:54 SELECT *  FROM ads  WHERE slug="toyota-prius-2007-m-nuoma"
2022/03/21 19:13:54 INSERT INTO ads (title,description,manufacturer_id,model_id,price,year,type_id,user_id,image,active,slug,vin_code,date,visitor)
             VALUES ("Toyota Prius 2007 m nuoma","Nuomojamas auto: Para 10 e Savaitei 90 e Menesiui 330 e Uzstatas 100 e Tvarkingas auto benzinas/dujos","1","1","10","2007","1","1","https://img.autogidas.lt/4_15_189787879/toyota-prius-hecbekas-2007.jpg","1","toyota-prius-2007-m-nuoma","123","22/03/21","0")
2022/03/21 19:14:33 SELECT COUNT(*)  FROM messages  WHERE receiver_id="1" AND status="0"
2022/03/21 19:14:33 SELECT *  FROM ads  WHERE active="1" ORDER BY id DESC LIMIT 5
2022/03/21 19:14:33 SELECT *  FROM ads  WHERE id="43"
2022/03/21 19:14:33 SELECT *  FROM ads  WHERE id="42"
2022/03/21 19:14:33 SELECT *  FROM ads  WHERE id="41"
2022/03/21 19:14:33 SELECT *  FROM ads  WHERE id="40"
2022/03/21 19:14:33 SELECT *  FROM ads  WHERE id="39"
2022/03/21 19:14:33 SELECT *  FROM ads  WHERE active="1" ORDER BY visitor DESC LIMIT 5
2022/03/21 19:14:33 SELECT *  FROM ads  WHERE id="23"
2022/03/21 19:14:33 SELECT *  FROM ads  WHERE id="13"
2022/03/21 19:14:33 SELECT *  FROM ads  WHERE id="22"
2022/03/21 19:14:33 SELECT *  FROM ads  WHERE id="20"
2022/03/21 19:14:33 SELECT *  FROM ads  WHERE id="21"
2022/03/21 19:14:33 SELECT *  FROM users  WHERE id="1"
2022/03/21 19:14:33 SELECT *  FROM cities  WHERE id="3"
2022/03/21 19:14:34 SELECT COUNT(*)  FROM messages  WHERE receiver_id="1" AND status="0"
2022/03/21 19:14:34 SELECT *  FROM ads  WHERE active="1" ORDER BY id DESC LIMIT 5
2022/03/21 19:14:34 SELECT *  FROM ads  WHERE id="43"
2022/03/21 19:14:34 SELECT *  FROM ads  WHERE id="42"
2022/03/21 19:14:34 SELECT *  FROM ads  WHERE id="41"
2022/03/21 19:14:34 SELECT *  FROM ads  WHERE id="40"
2022/03/21 19:14:34 SELECT *  FROM ads  WHERE id="39"
2022/03/21 19:14:34 SELECT *  FROM ads  WHERE active="1" ORDER BY visitor DESC LIMIT 5
2022/03/21 19:14:34 SELECT *  FROM ads  WHERE id="23"
2022/03/21 19:14:34 SELECT *  FROM ads  WHERE id="13"
2022/03/21 19:14:34 SELECT *  FROM ads  WHERE id="22"
2022/03/21 19:14:34 SELECT *  FROM ads  WHERE id="20"
2022/03/21 19:14:34 SELECT *  FROM ads  WHERE id="21"
2022/03/21 19:14:34 SELECT *  FROM users  WHERE id="1"
2022/03/21 19:14:34 SELECT *  FROM cities  WHERE id="3"
2022/03/21 19:14:36 SELECT COUNT(*)  FROM messages  WHERE receiver_id="1" AND status="0"
2022/03/21 19:14:36 SELECT count(*)  FROM ads  WHERE active="1"
2022/03/21 19:14:36 SELECT *  FROM ads  WHERE active="1" LIMIT 3
2022/03/21 19:14:36 SELECT *  FROM ads  WHERE id="13"
2022/03/21 19:14:36 SELECT *  FROM ads  WHERE id="15"
2022/03/21 19:14:36 SELECT *  FROM ads  WHERE id="17"
2022/03/21 19:14:36 SELECT *  FROM users  WHERE id="1"
2022/03/21 19:14:36 SELECT *  FROM cities  WHERE id="3"
2022/03/21 19:14:41 SELECT COUNT(*)  FROM messages  WHERE receiver_id="1" AND status="0"
2022/03/21 19:14:41 SELECT count(*)  FROM ads  WHERE active="1"
2022/03/21 19:14:41 SELECT *  FROM ads  WHERE active="1" LIMIT 3 OFFSET 18 
2022/03/21 19:14:41 SELECT *  FROM ads  WHERE id="40"
2022/03/21 19:14:41 SELECT *  FROM ads  WHERE id="41"
2022/03/21 19:14:41 SELECT *  FROM ads  WHERE id="42"
2022/03/21 19:14:41 SELECT *  FROM users  WHERE id="1"
2022/03/21 19:14:41 SELECT *  FROM cities  WHERE id="3"
2022/03/21 19:14:45 SELECT COUNT(*)  FROM messages  WHERE receiver_id="1" AND status="0"
2022/03/21 19:14:45 SELECT count(*)  FROM ads  WHERE active="1"
2022/03/21 19:14:45 SELECT *  FROM ads  WHERE active="1" LIMIT 3 OFFSET 21 
2022/03/21 19:14:45 SELECT *  FROM ads  WHERE id="43"
2022/03/21 19:14:45 SELECT *  FROM users  WHERE id="1"
2022/03/21 19:14:45 SELECT *  FROM cities  WHERE id="3"
2022/03/21 19:14:48 SELECT COUNT(*)  FROM messages  WHERE receiver_id="1" AND status="0"
2022/03/21 19:14:48 SELECT count(*)  FROM ads  WHERE active="1"
2022/03/21 19:14:48 SELECT *  FROM ads  WHERE active="1" LIMIT 3 OFFSET 15 
2022/03/21 19:14:48 SELECT *  FROM ads  WHERE id="37"
2022/03/21 19:14:48 SELECT *  FROM ads  WHERE id="38"
2022/03/21 19:14:48 SELECT *  FROM ads  WHERE id="39"
2022/03/21 19:14:48 SELECT *  FROM users  WHERE id="1"
2022/03/21 19:14:48 SELECT *  FROM cities  WHERE id="3"
2022/03/21 19:14:52 SELECT COUNT(*)  FROM messages  WHERE receiver_id="1" AND status="0"
2022/03/21 19:14:52 SELECT *  FROM ads  WHERE active="1" ORDER BY id DESC LIMIT 5
2022/03/21 19:14:52 SELECT *  FROM ads  WHERE id="43"
2022/03/21 19:14:52 SELECT *  FROM ads  WHERE id="42"
2022/03/21 19:14:52 SELECT *  FROM ads  WHERE id="41"
2022/03/21 19:14:52 SELECT *  FROM ads  WHERE id="40"
2022/03/21 19:14:52 SELECT *  FROM ads  WHERE id="39"
2022/03/21 19:14:52 SELECT *  FROM ads  WHERE active="1" ORDER BY visitor DESC LIMIT 5
2022/03/21 19:14:52 SELECT *  FROM ads  WHERE id="23"
2022/03/21 19:14:52 SELECT *  FROM ads  WHERE id="13"
2022/03/21 19:14:52 SELECT *  FROM ads  WHERE id="22"
2022/03/21 19:14:52 SELECT *  FROM ads  WHERE id="20"
2022/03/21 19:14:52 SELECT *  FROM ads  WHERE id="21"
2022/03/21 19:14:52 SELECT *  FROM users  WHERE id="1"
2022/03/21 19:14:52 SELECT *  FROM cities  WHERE id="3"
2022/03/21 19:16:03 SELECT COUNT(*)  FROM messages  WHERE receiver_id="1" AND status="0"
2022/03/21 19:16:03 SELECT *  FROM ads  WHERE active="1" ORDER BY id DESC LIMIT 5
2022/03/21 19:16:03 SELECT *  FROM ads  WHERE id="33"
2022/03/21 19:16:03 SELECT *  FROM ads  WHERE id="32"
2022/03/21 19:16:03 SELECT *  FROM ads  WHERE id="31"
2022/03/21 19:16:04 SELECT *  FROM ads  WHERE id="23"
2022/03/21 19:16:04 SELECT *  FROM ads  WHERE id="22"
2022/03/21 19:16:04 SELECT *  FROM ads  WHERE active="1" ORDER BY visitor DESC LIMIT 5
2022/03/21 19:16:04 SELECT *  FROM ads  WHERE id="23"
2022/03/21 19:16:04 SELECT *  FROM ads  WHERE id="13"
2022/03/21 19:16:04 SELECT *  FROM ads  WHERE id="22"
2022/03/21 19:16:04 SELECT *  FROM ads  WHERE id="20"
2022/03/21 19:16:04 SELECT *  FROM ads  WHERE id="21"
2022/03/21 19:16:04 SELECT *  FROM users  WHERE id="1"
2022/03/21 19:16:04 SELECT *  FROM cities  WHERE id="3"
2022/03/21 19:16:09 SELECT COUNT(*)  FROM messages  WHERE receiver_id="1" AND status="0"
2022/03/21 19:16:09 SELECT *  FROM ads  WHERE slug="land-rover-defender"
2022/03/21 19:16:09 INSERT INTO ads (title,description,manufacturer_id,model_id,price,year,type_id,user_id,image,active,slug,vin_code,date,visitor)
             VALUES ("Land Rover Defender","The car is technically in good running condition and immediately useable, but needs body","1","1","13499","2000","1","1","https://autoplius-img.dgn.lt/ann_25_216831720/land-rover-defender-2-5-l-visureigis-2000-dyzelinas-0.jpg","1","land-rover-defender","123","22/03/21","0")
2022/03/21 19:16:09 SELECT *  FROM ads  WHERE slug="volvo-s40,-1.6-l.,-sedanas"
2022/03/21 19:16:09 INSERT INTO ads (title,description,manufacturer_id,model_id,price,year,type_id,user_id,image,active,slug,vin_code,date,visitor)
             VALUES ("Volvo S40, 1.6 l., sedanas","Ekonomiškas ir patvarus 1,6l dyzelis. M+S padangos. 2 rakteliai. Kėbulo visi pabraižymai matomi paskutinėse nuotraukose. Keitimai nedomina.","1","1","2400","2005","1","1","https://autoplius-img.dgn.lt/ann_25_216847636/volvo-s40-1-6-l-sedanas-2005-dyzelinas-0.jpg","1","volvo-s40,-1.6-l.,-sedanas","123","22/03/21","0")
2022/03/21 19:16:09 SELECT *  FROM ads  WHERE slug="volvo-s40,-2.4-l.,-sedanas"
2022/03/21 19:16:09 INSERT INTO ads (title,description,manufacturer_id,model_id,price,year,type_id,user_id,image,active,slug,vin_code,date,visitor)
             VALUES ("Volvo S40, 2.4 l., sedanas","Iš Vokietijos,originali dujų įranga,vebasta.Puikiai dirba tiek dujomis tiek benzinu","1","1","2900","2008","1","1","https://autoplius-img.dgn.lt/ann_3_207599770/volvo-s40-2-4-l-sedanas-2008-benzinas-dujos-1.jpg","1","volvo-s40,-2.4-l.,-sedanas","123","22/03/21","0")
2022/03/21 19:16:09 SELECT *  FROM ads  WHERE slug="volkswagen-golf,-2.0-l.,-hečbekas"
2022/03/21 19:16:09 INSERT INTO ads (title,description,manufacturer_id,model_id,price,year,type_id,user_id,image,active,slug,vin_code,date,visitor)
             VALUES ("Volkswagen Golf, 2.0 l., hečbekas","Automobilis geros bukles.tikra rida servizo istorija","1","1","3750","2005","1","1","https://autoplius-img.dgn.lt/ann_3_216724586/volkswagen-golf-2-0-l-hecbekas-2005-dyzelinas-1.jpg","1","volkswagen-golf,-2.0-l.,-hečbekas","123","22/03/21","0")
2022/03/21 19:16:09 SELECT *  FROM ads  WHERE slug="jaguar-f-pace,-3.0-l.,-visureigis"
2022/03/21 19:16:09 INSERT INTO ads (title,description,manufacturer_id,model_id,price,year,type_id,user_id,image,active,slug,vin_code,date,visitor)
             VALUES ("Jaguar F-Pace, 3.0 l., visureigis","Plungė, Lietuva","1","1","35000","2018","1","1","https://autoplius-img.dgn.lt/ann_25_177254369/jaguar-f-pace-3-0-l-visureigis-2018-benzinas-0.jpg","1","jaguar-f-pace,-3.0-l.,-visureigis","123","22/03/21","0")
2022/03/21 19:16:09 SELECT *  FROM ads  WHERE slug="jaguar-f-pace,-3.0-l.,-visureigis"
2022/03/21 19:16:09 SELECT *  FROM ads  WHERE slug="jaguar-f-pace,-3.0-l.,-visureigis98"
2022/03/21 19:16:09 INSERT INTO ads (title,description,manufacturer_id,model_id,price,year,type_id,user_id,image,active,slug,vin_code,date,visitor)
             VALUES ("Jaguar F-Pace, 3.0 l., visureigis","TEXNISKAI TVARKINGAS AUTOMOBILIS. SPALVA BURGUNDI METALIK. .NAUJOS MS PADANGOS.","1","1","25500","2017","1","1","https://autoplius-img.dgn.lt/ann_25_197161087/jaguar-f-pace-3-0-l-visureigis-2017-benzinas-0.jpg","1","jaguar-f-pace,-3.0-l.,-visureigis98","123","22/03/21","0")
2022/03/21 19:16:09 SELECT *  FROM ads  WHERE slug="peugeot-partner-benzinas-2011-m-vienatūris"
2022/03/21 19:16:09 INSERT INTO ads (title,description,manufacturer_id,model_id,price,year,type_id,user_id,image,active,slug,vin_code,date,visitor)
             VALUES ("Peugeot Partner Benzinas 2011 m Vienatūris","Закажите автомобиль не выходя из дома! Доставка в любую точку Литвы или Латвии стоит 100 EUR и занимет 2-4 рабочих дня.","1","1","3999","2011","1","1","https://img.autogidas.lt/4_15_213084382/peugeot-partner-vienaturis-2011.jpg","1","peugeot-partner-benzinas-2011-m-vienatūris","123","22/03/21","0")
2022/03/21 19:16:09 SELECT *  FROM ads  WHERE slug="dalintis-peugeot-206-benzinas-2003-m-hečbekas"
2022/03/21 19:16:09 INSERT INTO ads (title,description,manufacturer_id,model_id,price,year,type_id,user_id,image,active,slug,vin_code,date,visitor)
             VALUES ("Dalintis Peugeot 206 Benzinas 2003 m Hečbekas","Order a car without leaving your home! The delivery to any point in Lithuania or Latvia costs 100 EUR and takes 2 to 4 business days.","1","1","799","2003","1","1","https://img.autogidas.lt/4_15_211984885/peugeot-206-hecbekas-2003.jpg","1","dalintis-peugeot-206-benzinas-2003-m-hečbekas","123","22/03/21","0")
2022/03/21 19:16:09 SELECT *  FROM ads  WHERE slug="bmw-x3-e83-sport-paket-dyzelinas-2007-m"
2022/03/21 19:16:09 INSERT INTO ads (title,description,manufacturer_id,model_id,price,year,type_id,user_id,image,active,slug,vin_code,date,visitor)
             VALUES ("Bmw X3 E83 sport paket Dyzelinas 2007 m","Navigacija Atstumo jutikliai  Panoraminis stogas Xenon Žibintai Autopilotas Šildomos sėdynės Elektra valdomos sėdynės su atmintimi / Memory","1","1","6400","2007","1","1","https://img.autogidas.lt/4_15_212505589/bmw-x3-e83-sport-paket-visureigis-2007.jpg","1","bmw-x3-e83-sport-paket-dyzelinas-2007-m","123","22/03/21","0")
2022/03/21 19:16:09 SELECT *  FROM ads  WHERE slug="toyota-prius-2007-m-nuoma"
2022/03/21 19:16:09 INSERT INTO ads (title,description,manufacturer_id,model_id,price,year,type_id,user_id,image,active,slug,vin_code,date,visitor)
             VALUES ("Toyota Prius 2007 m nuoma","Nuomojamas auto: Para 10 e Savaitei 90 e Menesiui 330 e Uzstatas 100 e Tvarkingas auto benzinas/dujos","1","1","10","2007","1","1","https://img.autogidas.lt/4_15_189787879/toyota-prius-hecbekas-2007.jpg","1","toyota-prius-2007-m-nuoma","123","22/03/21","0")
2022/03/21 19:17:20 SELECT COUNT(*)  FROM messages  WHERE receiver_id="1" AND status="0"
2022/03/21 19:17:20 SELECT *  FROM ads  WHERE slug="land-rover-defender"
2022/03/21 19:17:20 SELECT *  FROM ads  WHERE slug="land-rover-defender72"
2022/03/21 19:17:20 INSERT INTO ads (title,description,manufacturer_id,model_id,price,year,type_id,user_id,image,active,slug,vin_code,date,visitor)
             VALUES ("Land Rover Defender","The car is technically in good running condition and immediately useable, but needs body","1","1","13499","2000","1","1","https://autoplius-img.dgn.lt/ann_25_216831720/land-rover-defender-2-5-l-visureigis-2000-dyzelinas-0.jpg","1","land-rover-defender72","123","2022/03/21","0")
2022/03/21 19:17:20 SELECT *  FROM ads  WHERE slug="volvo-s40,-1.6-l.,-sedanas"
2022/03/21 19:17:20 SELECT *  FROM ads  WHERE slug="volvo-s40,-1.6-l.,-sedanas14"
2022/03/21 19:17:20 INSERT INTO ads (title,description,manufacturer_id,model_id,price,year,type_id,user_id,image,active,slug,vin_code,date,visitor)
             VALUES ("Volvo S40, 1.6 l., sedanas","Ekonomiškas ir patvarus 1,6l dyzelis. M+S padangos. 2 rakteliai. Kėbulo visi pabraižymai matomi paskutinėse nuotraukose. Keitimai nedomina.","1","1","2400","2005","1","1","https://autoplius-img.dgn.lt/ann_25_216847636/volvo-s40-1-6-l-sedanas-2005-dyzelinas-0.jpg","1","volvo-s40,-1.6-l.,-sedanas14","123","2022/03/21","0")
2022/03/21 19:17:20 SELECT *  FROM ads  WHERE slug="volvo-s40,-2.4-l.,-sedanas"
2022/03/21 19:17:20 SELECT *  FROM ads  WHERE slug="volvo-s40,-2.4-l.,-sedanas40"
2022/03/21 19:17:20 INSERT INTO ads (title,description,manufacturer_id,model_id,price,year,type_id,user_id,image,active,slug,vin_code,date,visitor)
             VALUES ("Volvo S40, 2.4 l., sedanas","Iš Vokietijos,originali dujų įranga,vebasta.Puikiai dirba tiek dujomis tiek benzinu","1","1","2900","2008","1","1","https://autoplius-img.dgn.lt/ann_3_207599770/volvo-s40-2-4-l-sedanas-2008-benzinas-dujos-1.jpg","1","volvo-s40,-2.4-l.,-sedanas40","123","2022/03/21","0")
2022/03/21 19:17:20 SELECT *  FROM ads  WHERE slug="volkswagen-golf,-2.0-l.,-hečbekas"
2022/03/21 19:17:20 SELECT *  FROM ads  WHERE slug="volkswagen-golf,-2.0-l.,-hečbekas93"
2022/03/21 19:17:20 INSERT INTO ads (title,description,manufacturer_id,model_id,price,year,type_id,user_id,image,active,slug,vin_code,date,visitor)
             VALUES ("Volkswagen Golf, 2.0 l., hečbekas","Automobilis geros bukles.tikra rida servizo istorija","1","1","3750","2005","1","1","https://autoplius-img.dgn.lt/ann_3_216724586/volkswagen-golf-2-0-l-hecbekas-2005-dyzelinas-1.jpg","1","volkswagen-golf,-2.0-l.,-hečbekas93","123","2022/03/21","0")
2022/03/21 19:17:20 SELECT *  FROM ads  WHERE slug="jaguar-f-pace,-3.0-l.,-visureigis"
2022/03/21 19:17:20 SELECT *  FROM ads  WHERE slug="jaguar-f-pace,-3.0-l.,-visureigis97"
2022/03/21 19:17:20 INSERT INTO ads (title,description,manufacturer_id,model_id,price,year,type_id,user_id,image,active,slug,vin_code,date,visitor)
             VALUES ("Jaguar F-Pace, 3.0 l., visureigis","Plungė, Lietuva","1","1","35000","2018","1","1","https://autoplius-img.dgn.lt/ann_25_177254369/jaguar-f-pace-3-0-l-visureigis-2018-benzinas-0.jpg","1","jaguar-f-pace,-3.0-l.,-visureigis97","123","2022/03/21","0")
2022/03/21 19:17:20 SELECT *  FROM ads  WHERE slug="jaguar-f-pace,-3.0-l.,-visureigis"
2022/03/21 19:17:20 SELECT *  FROM ads  WHERE slug="jaguar-f-pace,-3.0-l.,-visureigis55"
2022/03/21 19:17:20 INSERT INTO ads (title,description,manufacturer_id,model_id,price,year,type_id,user_id,image,active,slug,vin_code,date,visitor)
             VALUES ("Jaguar F-Pace, 3.0 l., visureigis","TEXNISKAI TVARKINGAS AUTOMOBILIS. SPALVA BURGUNDI METALIK. .NAUJOS MS PADANGOS.","1","1","25500","2017","1","1","https://autoplius-img.dgn.lt/ann_25_197161087/jaguar-f-pace-3-0-l-visureigis-2017-benzinas-0.jpg","1","jaguar-f-pace,-3.0-l.,-visureigis55","123","2022/03/21","0")
2022/03/21 19:17:20 SELECT *  FROM ads  WHERE slug="peugeot-partner-benzinas-2011-m-vienatūris"
2022/03/21 19:17:20 SELECT *  FROM ads  WHERE slug="peugeot-partner-benzinas-2011-m-vienatūris37"
2022/03/21 19:17:20 INSERT INTO ads (title,description,manufacturer_id,model_id,price,year,type_id,user_id,image,active,slug,vin_code,date,visitor)
             VALUES ("Peugeot Partner Benzinas 2011 m Vienatūris","Закажите автомобиль не выходя из дома! Доставка в любую точку Литвы или Латвии стоит 100 EUR и занимет 2-4 рабочих дня.","1","1","3999","2011","1","1","https://img.autogidas.lt/4_15_213084382/peugeot-partner-vienaturis-2011.jpg","1","peugeot-partner-benzinas-2011-m-vienatūris37","123","2022/03/21","0")
2022/03/21 19:17:20 SELECT *  FROM ads  WHERE slug="dalintis-peugeot-206-benzinas-2003-m-hečbekas"
2022/03/21 19:17:20 SELECT *  FROM ads  WHERE slug="dalintis-peugeot-206-benzinas-2003-m-hečbekas42"
2022/03/21 19:17:20 INSERT INTO ads (title,description,manufacturer_id,model_id,price,year,type_id,user_id,image,active,slug,vin_code,date,visitor)
             VALUES ("Dalintis Peugeot 206 Benzinas 2003 m Hečbekas","Order a car without leaving your home! The delivery to any point in Lithuania or Latvia costs 100 EUR and takes 2 to 4 business days.","1","1","799","2003","1","1","https://img.autogidas.lt/4_15_211984885/peugeot-206-hecbekas-2003.jpg","1","dalintis-peugeot-206-benzinas-2003-m-hečbekas42","123","2022/03/21","0")
2022/03/21 19:17:20 SELECT *  FROM ads  WHERE slug="bmw-x3-e83-sport-paket-dyzelinas-2007-m"
2022/03/21 19:17:20 SELECT *  FROM ads  WHERE slug="bmw-x3-e83-sport-paket-dyzelinas-2007-m71"
2022/03/21 19:17:20 INSERT INTO ads (title,description,manufacturer_id,model_id,price,year,type_id,user_id,image,active,slug,vin_code,date,visitor)
             VALUES ("Bmw X3 E83 sport paket Dyzelinas 2007 m","Navigacija Atstumo jutikliai  Panoraminis stogas Xenon Žibintai Autopilotas Šildomos sėdynės Elektra valdomos sėdynės su atmintimi / Memory","1","1","6400","2007","1","1","https://img.autogidas.lt/4_15_212505589/bmw-x3-e83-sport-paket-visureigis-2007.jpg","1","bmw-x3-e83-sport-paket-dyzelinas-2007-m71","123","2022/03/21","0")
2022/03/21 19:17:20 SELECT *  FROM ads  WHERE slug="toyota-prius-2007-m-nuoma"
2022/03/21 19:17:20 SELECT *  FROM ads  WHERE slug="toyota-prius-2007-m-nuoma32"
2022/03/21 19:17:20 INSERT INTO ads (title,description,manufacturer_id,model_id,price,year,type_id,user_id,image,active,slug,vin_code,date,visitor)
             VALUES ("Toyota Prius 2007 m nuoma","Nuomojamas auto: Para 10 e Savaitei 90 e Menesiui 330 e Uzstatas 100 e Tvarkingas auto benzinas/dujos","1","1","10","2007","1","1","https://img.autogidas.lt/4_15_189787879/toyota-prius-hecbekas-2007.jpg","1","toyota-prius-2007-m-nuoma32","123","2022/03/21","0")
2022/03/21 19:17:21 SELECT *  FROM ads  WHERE slug=""
2022/03/21 19:17:39 SELECT COUNT(*)  FROM messages  WHERE receiver_id="1" AND status="0"
2022/03/21 19:17:39 SELECT *  FROM ads  WHERE slug="land-rover-defender"
2022/03/21 19:17:39 SELECT *  FROM ads  WHERE slug="land-rover-defender81"
2022/03/21 19:17:39 INSERT INTO ads (title,description,manufacturer_id,model_id,price,year,type_id,user_id,image,active,slug,vin_code,date,visitor)
             VALUES ("Land Rover Defender","The car is technically in good running condition and immediately useable, but needs body","1","1","13499","2000","1","1","https://autoplius-img.dgn.lt/ann_25_216831720/land-rover-defender-2-5-l-visureigis-2000-dyzelinas-0.jpg","1","land-rover-defender81","123","2022/03/21","0")
2022/03/21 19:17:39 SELECT *  FROM ads  WHERE slug="volvo-s40,-1.6-l.,-sedanas"
2022/03/21 19:17:39 SELECT *  FROM ads  WHERE slug="volvo-s40,-1.6-l.,-sedanas26"
2022/03/21 19:17:39 INSERT INTO ads (title,description,manufacturer_id,model_id,price,year,type_id,user_id,image,active,slug,vin_code,date,visitor)
             VALUES ("Volvo S40, 1.6 l., sedanas","Ekonomiškas ir patvarus 1,6l dyzelis. M+S padangos. 2 rakteliai. Kėbulo visi pabraižymai matomi paskutinėse nuotraukose. Keitimai nedomina.","1","1","2400","2005","1","1","https://autoplius-img.dgn.lt/ann_25_216847636/volvo-s40-1-6-l-sedanas-2005-dyzelinas-0.jpg","1","volvo-s40,-1.6-l.,-sedanas26","123","2022/03/21","0")
2022/03/21 19:17:39 SELECT *  FROM ads  WHERE slug="volvo-s40,-2.4-l.,-sedanas"
2022/03/21 19:17:39 SELECT *  FROM ads  WHERE slug="volvo-s40,-2.4-l.,-sedanas90"
2022/03/21 19:17:39 INSERT INTO ads (title,description,manufacturer_id,model_id,price,year,type_id,user_id,image,active,slug,vin_code,date,visitor)
             VALUES ("Volvo S40, 2.4 l., sedanas","Iš Vokietijos,originali dujų įranga,vebasta.Puikiai dirba tiek dujomis tiek benzinu","1","1","2900","2008","1","1","https://autoplius-img.dgn.lt/ann_3_207599770/volvo-s40-2-4-l-sedanas-2008-benzinas-dujos-1.jpg","1","volvo-s40,-2.4-l.,-sedanas90","123","2022/03/21","0")
2022/03/21 19:17:39 SELECT *  FROM ads  WHERE slug="volkswagen-golf,-2.0-l.,-hečbekas"
2022/03/21 19:17:39 SELECT *  FROM ads  WHERE slug="volkswagen-golf,-2.0-l.,-hečbekas83"
2022/03/21 19:17:39 INSERT INTO ads (title,description,manufacturer_id,model_id,price,year,type_id,user_id,image,active,slug,vin_code,date,visitor)
             VALUES ("Volkswagen Golf, 2.0 l., hečbekas","Automobilis geros bukles.tikra rida servizo istorija","1","1","3750","2005","1","1","https://autoplius-img.dgn.lt/ann_3_216724586/volkswagen-golf-2-0-l-hecbekas-2005-dyzelinas-1.jpg","1","volkswagen-golf,-2.0-l.,-hečbekas83","123","2022/03/21","0")
2022/03/21 19:17:39 SELECT *  FROM ads  WHERE slug="jaguar-f-pace,-3.0-l.,-visureigis"
2022/03/21 19:17:39 SELECT *  FROM ads  WHERE slug="jaguar-f-pace,-3.0-l.,-visureigis24"
2022/03/21 19:17:39 INSERT INTO ads (title,description,manufacturer_id,model_id,price,year,type_id,user_id,image,active,slug,vin_code,date,visitor)
             VALUES ("Jaguar F-Pace, 3.0 l., visureigis","Plungė, Lietuva","1","1","35000","2018","1","1","https://autoplius-img.dgn.lt/ann_25_177254369/jaguar-f-pace-3-0-l-visureigis-2018-benzinas-0.jpg","1","jaguar-f-pace,-3.0-l.,-visureigis24","123","2022/03/21","0")
2022/03/21 19:17:39 SELECT *  FROM ads  WHERE slug="jaguar-f-pace,-3.0-l.,-visureigis"
2022/03/21 19:17:39 SELECT *  FROM ads  WHERE slug="jaguar-f-pace,-3.0-l.,-visureigis88"
2022/03/21 19:17:39 INSERT INTO ads (title,description,manufacturer_id,model_id,price,year,type_id,user_id,image,active,slug,vin_code,date,visitor)
             VALUES ("Jaguar F-Pace, 3.0 l., visureigis","TEXNISKAI TVARKINGAS AUTOMOBILIS. SPALVA BURGUNDI METALIK. .NAUJOS MS PADANGOS.","1","1","25500","2017","1","1","https://autoplius-img.dgn.lt/ann_25_197161087/jaguar-f-pace-3-0-l-visureigis-2017-benzinas-0.jpg","1","jaguar-f-pace,-3.0-l.,-visureigis88","123","2022/03/21","0")
2022/03/21 19:17:39 SELECT *  FROM ads  WHERE slug="peugeot-partner-benzinas-2011-m-vienatūris"
2022/03/21 19:17:39 SELECT *  FROM ads  WHERE slug="peugeot-partner-benzinas-2011-m-vienatūris31"
2022/03/21 19:17:39 INSERT INTO ads (title,description,manufacturer_id,model_id,price,year,type_id,user_id,image,active,slug,vin_code,date,visitor)
             VALUES ("Peugeot Partner Benzinas 2011 m Vienatūris","Закажите автомобиль не выходя из дома! Доставка в любую точку Литвы или Латвии стоит 100 EUR и занимет 2-4 рабочих дня.","1","1","3999","2011","1","1","https://img.autogidas.lt/4_15_213084382/peugeot-partner-vienaturis-2011.jpg","1","peugeot-partner-benzinas-2011-m-vienatūris31","123","2022/03/21","0")
2022/03/21 19:17:39 SELECT *  FROM ads  WHERE slug="dalintis-peugeot-206-benzinas-2003-m-hečbekas"
2022/03/21 19:17:39 SELECT *  FROM ads  WHERE slug="dalintis-peugeot-206-benzinas-2003-m-hečbekas33"
2022/03/21 19:17:39 INSERT INTO ads (title,description,manufacturer_id,model_id,price,year,type_id,user_id,image,active,slug,vin_code,date,visitor)
             VALUES ("Dalintis Peugeot 206 Benzinas 2003 m Hečbekas","Order a car without leaving your home! The delivery to any point in Lithuania or Latvia costs 100 EUR and takes 2 to 4 business days.","1","1","799","2003","1","1","https://img.autogidas.lt/4_15_211984885/peugeot-206-hecbekas-2003.jpg","1","dalintis-peugeot-206-benzinas-2003-m-hečbekas33","123","2022/03/21","0")
2022/03/21 19:17:39 SELECT *  FROM ads  WHERE slug="bmw-x3-e83-sport-paket-dyzelinas-2007-m"
2022/03/21 19:17:39 SELECT *  FROM ads  WHERE slug="bmw-x3-e83-sport-paket-dyzelinas-2007-m89"
2022/03/21 19:17:39 INSERT INTO ads (title,description,manufacturer_id,model_id,price,year,type_id,user_id,image,active,slug,vin_code,date,visitor)
             VALUES ("Bmw X3 E83 sport paket Dyzelinas 2007 m","Navigacija Atstumo jutikliai  Panoraminis stogas Xenon Žibintai Autopilotas Šildomos sėdynės Elektra valdomos sėdynės su atmintimi / Memory","1","1","6400","2007","1","1","https://img.autogidas.lt/4_15_212505589/bmw-x3-e83-sport-paket-visureigis-2007.jpg","1","bmw-x3-e83-sport-paket-dyzelinas-2007-m89","123","2022/03/21","0")
2022/03/21 19:17:39 SELECT *  FROM ads  WHERE slug="toyota-prius-2007-m-nuoma"
2022/03/21 19:17:39 SELECT *  FROM ads  WHERE slug="toyota-prius-2007-m-nuoma7"
2022/03/21 19:17:39 INSERT INTO ads (title,description,manufacturer_id,model_id,price,year,type_id,user_id,image,active,slug,vin_code,date,visitor)
             VALUES ("Toyota Prius 2007 m nuoma","Nuomojamas auto: Para 10 e Savaitei 90 e Menesiui 330 e Uzstatas 100 e Tvarkingas auto benzinas/dujos","1","1","10","2007","1","1","https://img.autogidas.lt/4_15_189787879/toyota-prius-hecbekas-2007.jpg","1","toyota-prius-2007-m-nuoma7","123","2022/03/21","0")
2022/03/21 19:18:21 SELECT COUNT(*)  FROM messages  WHERE receiver_id="1" AND status="0"
2022/03/21 19:18:21 SELECT *  FROM ads  WHERE active="1" ORDER BY id DESC LIMIT 5
2022/03/21 19:18:21 SELECT *  FROM ads  WHERE id="33"
2022/03/21 19:18:21 SELECT *  FROM ads  WHERE id="32"
2022/03/21 19:18:21 SELECT *  FROM ads  WHERE id="31"
2022/03/21 19:18:21 SELECT *  FROM ads  WHERE id="23"
2022/03/21 19:18:21 SELECT *  FROM ads  WHERE id="22"
2022/03/21 19:18:21 SELECT *  FROM ads  WHERE active="1" ORDER BY visitor DESC LIMIT 5
2022/03/21 19:18:21 SELECT *  FROM ads  WHERE id="23"
2022/03/21 19:18:21 SELECT *  FROM ads  WHERE id="13"
2022/03/21 19:18:21 SELECT *  FROM ads  WHERE id="22"
2022/03/21 19:18:21 SELECT *  FROM ads  WHERE id="20"
2022/03/21 19:18:21 SELECT *  FROM ads  WHERE id="21"
2022/03/21 19:18:21 SELECT *  FROM users  WHERE id="1"
2022/03/21 19:18:21 SELECT *  FROM cities  WHERE id="3"
2022/03/21 19:20:47 SELECT COUNT(*)  FROM messages  WHERE receiver_id="1" AND status="0"
2022/03/21 19:20:47 SELECT *  FROM ads  WHERE slug="land-rover-defender"
2022/03/21 19:20:47 INSERT INTO ads (title,description,manufacturer_id,model_id,price,year,type_id,user_id,image,active,slug,vin_code,date,visitor)
             VALUES ("Land Rover Defender","The car is technically in good running condition and immediately useable, but needs body","1","1","13499","2000","1","1","https://autoplius-img.dgn.lt/ann_25_216831720/land-rover-defender-2-5-l-visureigis-2000-dyzelinas-0.jpg","1","land-rover-defender","123","2022/03/21","0")
2022/03/21 19:20:47 SELECT *  FROM ads  WHERE slug="volvo-s40,-1.6-l.,-sedanas"
2022/03/21 19:20:47 INSERT INTO ads (title,description,manufacturer_id,model_id,price,year,type_id,user_id,image,active,slug,vin_code,date,visitor)
             VALUES ("Volvo S40, 1.6 l., sedanas","Ekonomiškas ir patvarus 1,6l dyzelis. M+S padangos. 2 rakteliai. Kėbulo visi pabraižymai matomi paskutinėse nuotraukose. Keitimai nedomina.","1","1","2400","2005","1","1","https://autoplius-img.dgn.lt/ann_25_216847636/volvo-s40-1-6-l-sedanas-2005-dyzelinas-0.jpg","1","volvo-s40,-1.6-l.,-sedanas","123","2022/03/21","0")
2022/03/21 19:20:47 SELECT *  FROM ads  WHERE slug="volvo-s40,-2.4-l.,-sedanas"
2022/03/21 19:20:47 INSERT INTO ads (title,description,manufacturer_id,model_id,price,year,type_id,user_id,image,active,slug,vin_code,date,visitor)
             VALUES ("Volvo S40, 2.4 l., sedanas","Iš Vokietijos,originali dujų įranga,vebasta.Puikiai dirba tiek dujomis tiek benzinu","1","1","2900","2008","1","1","https://autoplius-img.dgn.lt/ann_3_207599770/volvo-s40-2-4-l-sedanas-2008-benzinas-dujos-1.jpg","1","volvo-s40,-2.4-l.,-sedanas","123","2022/03/21","0")
2022/03/21 19:20:47 SELECT *  FROM ads  WHERE slug="volkswagen-golf,-2.0-l.,-hečbekas"
2022/03/21 19:20:47 INSERT INTO ads (title,description,manufacturer_id,model_id,price,year,type_id,user_id,image,active,slug,vin_code,date,visitor)
             VALUES ("Volkswagen Golf, 2.0 l., hečbekas","Automobilis geros bukles.tikra rida servizo istorija","1","1","3750","2005","1","1","https://autoplius-img.dgn.lt/ann_3_216724586/volkswagen-golf-2-0-l-hecbekas-2005-dyzelinas-1.jpg","1","volkswagen-golf,-2.0-l.,-hečbekas","123","2022/03/21","0")
2022/03/21 19:20:47 SELECT *  FROM ads  WHERE slug="jaguar-f-pace,-3.0-l.,-visureigis"
2022/03/21 19:20:47 INSERT INTO ads (title,description,manufacturer_id,model_id,price,year,type_id,user_id,image,active,slug,vin_code,date,visitor)
             VALUES ("Jaguar F-Pace, 3.0 l., visureigis","Plungė, Lietuva","1","1","35000","2018","1","1","https://autoplius-img.dgn.lt/ann_25_177254369/jaguar-f-pace-3-0-l-visureigis-2018-benzinas-0.jpg","1","jaguar-f-pace,-3.0-l.,-visureigis","123","2022/03/21","0")
2022/03/21 19:20:47 SELECT *  FROM ads  WHERE slug="jaguar-f-pace,-3.0-l.,-visureigis"
2022/03/21 19:20:47 SELECT *  FROM ads  WHERE slug="jaguar-f-pace,-3.0-l.,-visureigis58"
2022/03/21 19:20:47 INSERT INTO ads (title,description,manufacturer_id,model_id,price,year,type_id,user_id,image,active,slug,vin_code,date,visitor)
             VALUES ("Jaguar F-Pace, 3.0 l., visureigis","TEXNISKAI TVARKINGAS AUTOMOBILIS. SPALVA BURGUNDI METALIK. .NAUJOS MS PADANGOS.","1","1","25500","2017","1","1","https://autoplius-img.dgn.lt/ann_25_197161087/jaguar-f-pace-3-0-l-visureigis-2017-benzinas-0.jpg","1","jaguar-f-pace,-3.0-l.,-visureigis58","123","2022/03/21","0")
2022/03/21 19:20:47 SELECT *  FROM ads  WHERE slug="peugeot-partner-benzinas-2011-m-vienatūris"
2022/03/21 19:20:47 INSERT INTO ads (title,description,manufacturer_id,model_id,price,year,type_id,user_id,image,active,slug,vin_code,date,visitor)
             VALUES ("Peugeot Partner Benzinas 2011 m Vienatūris","Закажите автомобиль не выходя из дома! Доставка в любую точку Литвы или Латвии стоит 100 EUR и занимет 2-4 рабочих дня.","1","1","3999","2011","1","1","https://img.autogidas.lt/4_15_213084382/peugeot-partner-vienaturis-2011.jpg","1","peugeot-partner-benzinas-2011-m-vienatūris","123","2022/03/21","0")
2022/03/21 19:20:47 SELECT *  FROM ads  WHERE slug="dalintis-peugeot-206-benzinas-2003-m-hečbekas"
2022/03/21 19:20:47 INSERT INTO ads (title,description,manufacturer_id,model_id,price,year,type_id,user_id,image,active,slug,vin_code,date,visitor)
             VALUES ("Dalintis Peugeot 206 Benzinas 2003 m Hečbekas","Order a car without leaving your home! The delivery to any point in Lithuania or Latvia costs 100 EUR and takes 2 to 4 business days.","1","1","799","2003","1","1","https://img.autogidas.lt/4_15_211984885/peugeot-206-hecbekas-2003.jpg","1","dalintis-peugeot-206-benzinas-2003-m-hečbekas","123","2022/03/21","0")
2022/03/21 19:20:47 SELECT *  FROM ads  WHERE slug="bmw-x3-e83-sport-paket-dyzelinas-2007-m"
2022/03/21 19:20:47 INSERT INTO ads (title,description,manufacturer_id,model_id,price,year,type_id,user_id,image,active,slug,vin_code,date,visitor)
             VALUES ("Bmw X3 E83 sport paket Dyzelinas 2007 m","Navigacija Atstumo jutikliai  Panoraminis stogas Xenon Žibintai Autopilotas Šildomos sėdynės Elektra valdomos sėdynės su atmintimi / Memory","1","1","6400","2007","1","1","https://img.autogidas.lt/4_15_212505589/bmw-x3-e83-sport-paket-visureigis-2007.jpg","1","bmw-x3-e83-sport-paket-dyzelinas-2007-m","123","2022/03/21","0")
2022/03/21 19:20:47 SELECT *  FROM ads  WHERE slug="toyota-prius-2007-m-nuoma"
2022/03/21 19:20:47 INSERT INTO ads (title,description,manufacturer_id,model_id,price,year,type_id,user_id,image,active,slug,vin_code,date,visitor)
             VALUES ("Toyota Prius 2007 m nuoma","Nuomojamas auto: Para 10 e Savaitei 90 e Menesiui 330 e Uzstatas 100 e Tvarkingas auto benzinas/dujos","1","1","10","2007","1","1","https://img.autogidas.lt/4_15_189787879/toyota-prius-hecbekas-2007.jpg","1","toyota-prius-2007-m-nuoma","123","2022/03/21","0")
2022/03/21 19:20:52 SELECT COUNT(*)  FROM messages  WHERE receiver_id="1" AND status="0"
2022/03/21 19:20:52 SELECT *  FROM ads  WHERE active="1" ORDER BY id DESC LIMIT 5
2022/03/21 19:20:52 SELECT *  FROM ads  WHERE id="83"
2022/03/21 19:20:52 SELECT *  FROM ads  WHERE id="82"
2022/03/21 19:20:52 SELECT *  FROM ads  WHERE id="81"
2022/03/21 19:20:52 SELECT *  FROM ads  WHERE id="80"
2022/03/21 19:20:52 SELECT *  FROM ads  WHERE id="79"
2022/03/21 19:20:52 SELECT *  FROM ads  WHERE active="1" ORDER BY visitor DESC LIMIT 5
2022/03/21 19:20:52 SELECT *  FROM ads  WHERE id="23"
2022/03/21 19:20:52 SELECT *  FROM ads  WHERE id="13"
2022/03/21 19:20:52 SELECT *  FROM ads  WHERE id="22"
2022/03/21 19:20:52 SELECT *  FROM ads  WHERE id="20"
2022/03/21 19:20:52 SELECT *  FROM ads  WHERE id="21"
2022/03/21 19:20:52 SELECT *  FROM users  WHERE id="1"
2022/03/21 19:20:52 SELECT *  FROM cities  WHERE id="3"
2022/03/21 19:20:54 SELECT COUNT(*)  FROM messages  WHERE receiver_id="1" AND status="0"
2022/03/21 19:20:54 SELECT *  FROM ads  WHERE active="1" ORDER BY id DESC LIMIT 5
2022/03/21 19:20:54 SELECT *  FROM ads  WHERE id="83"
2022/03/21 19:20:54 SELECT *  FROM ads  WHERE id="82"
2022/03/21 19:20:54 SELECT *  FROM ads  WHERE id="81"
2022/03/21 19:20:54 SELECT *  FROM ads  WHERE id="80"
2022/03/21 19:20:54 SELECT *  FROM ads  WHERE id="79"
2022/03/21 19:20:54 SELECT *  FROM ads  WHERE active="1" ORDER BY visitor DESC LIMIT 5
2022/03/21 19:20:54 SELECT *  FROM ads  WHERE id="23"
2022/03/21 19:20:54 SELECT *  FROM ads  WHERE id="13"
2022/03/21 19:20:54 SELECT *  FROM ads  WHERE id="22"
2022/03/21 19:20:54 SELECT *  FROM ads  WHERE id="20"
2022/03/21 19:20:54 SELECT *  FROM ads  WHERE id="21"
2022/03/21 19:20:54 SELECT *  FROM users  WHERE id="1"
2022/03/21 19:20:54 SELECT *  FROM cities  WHERE id="3"
